[runner] generating base schedule attempt=1
[runner] base schedule generation failed; retrying
[runner] generating base schedule attempt=2
[runner] base schedule generated
[tabu] starting iterations=2000
[tabu] iter=1 current=1496.80 best=1496.80 tabu=1 stagnation=0
[tabu] iter=2 current=1496.80 best=1496.80 tabu=2 stagnation=1
[tabu] iter=3 current=1459.30 best=1459.30 tabu=3 stagnation=0
[tabu] iter=4 current=1459.30 best=1459.30 tabu=4 stagnation=1
[tabu] iter=5 current=1459.30 best=1459.30 tabu=5 stagnation=2
[tabu] iter=6 current=1459.30 best=1459.30 tabu=6 stagnation=3
[tabu] iter=7 current=1460.55 best=1459.30 tabu=7 stagnation=4
[tabu] iter=8 current=1437.39 best=1437.39 tabu=8 stagnation=0
[tabu] iter=9 current=1390.72 best=1390.72 tabu=9 stagnation=0
[tabu] iter=10 current=1380.05 best=1380.05 tabu=10 stagnation=0
[tabu] iter=11 current=1342.55 best=1342.55 tabu=11 stagnation=0
[tabu] iter=12 current=1331.89 best=1331.89 tabu=12 stagnation=0
[tabu] iter=13 current=1331.89 best=1331.89 tabu=12 stagnation=1
[tabu] iter=14 current=1331.89 best=1331.89 tabu=12 stagnation=2
[tabu] iter=15 current=1330.64 best=1330.64 tabu=12 stagnation=0
[tabu] iter=16 current=1305.64 best=1305.64 tabu=12 stagnation=0
[tabu] iter=17 current=1283.97 best=1283.97 tabu=12 stagnation=0
[tabu] iter=18 current=1270.22 best=1270.22 tabu=12 stagnation=0
[tabu] iter=19 current=1270.22 best=1270.22 tabu=12 stagnation=1
[tabu] iter=20 current=1270.22 best=1270.22 tabu=12 stagnation=2
[tabu] iter=21 current=1232.72 best=1232.72 tabu=12 stagnation=0
[tabu] iter=22 current=1232.72 best=1232.72 tabu=12 stagnation=1
[tabu] iter=23 current=1259.89 best=1232.72 tabu=12 stagnation=2
[tabu] iter=24 current=1259.05 best=1232.72 tabu=12 stagnation=3
[tabu] iter=25 current=1248.39 best=1232.72 tabu=12 stagnation=4
[tabu] iter=26 current=1248.39 best=1232.72 tabu=12 stagnation=5
[tabu] iter=27 current=1248.39 best=1232.72 tabu=12 stagnation=6
[tabu] iter=28 current=1248.39 best=1232.72 tabu=12 stagnation=7
