[runner] generating base schedule attempt=1
[runner] base schedule generation failed; retrying
[runner] generating base schedule attempt=2
[runner] base schedule generated
[tabu] starting iterations=180
[tabu] iter=1 current=1474.97 best=1474.97 tabu=1
[tabu] iter=2 current=1474.55 best=1474.55 tabu=2
[tabu] iter=3 current=1463.89 best=1463.89 tabu=3
[tabu] iter=4 current=1463.89 best=1463.89 tabu=4
[tabu] iter=5 current=1462.64 best=1462.64 tabu=5
[tabu] iter=6 current=1451.97 best=1451.97 tabu=6
[tabu] iter=7 current=1437.64 best=1437.64 tabu=7
[tabu] iter=8 current=1435.14 best=1435.14 tabu=8
[tabu] iter=9 current=1424.47 best=1424.47 tabu=9
[tabu] iter=10 current=1413.80 best=1413.80 tabu=10
[tabu] iter=11 current=1413.80 best=1413.80 tabu=11
[tabu] iter=12 current=1402.80 best=1402.80 tabu=12
[tabu] iter=13 current=1402.47 best=1402.47 tabu=12
[tabu] iter=14 current=1402.47 best=1402.47 tabu=12
[tabu] iter=15 current=1402.47 best=1402.47 tabu=12
[tabu] iter=16 current=1402.05 best=1402.05 tabu=12
[tabu] iter=17 current=1427.05 best=1402.05 tabu=12
[tabu] iter=18 current=1427.05 best=1402.05 tabu=12
[tabu] iter=19 current=1425.80 best=1402.05 tabu=12
[tabu] iter=20 current=1425.80 best=1402.05 tabu=12
[tabu] iter=21 current=1425.80 best=1402.05 tabu=12
[tabu] iter=22 current=1414.80 best=1402.05 tabu=12
[tabu] iter=23 current=1450.47 best=1402.05 tabu=12
[tabu] iter=24 current=1450.47 best=1402.05 tabu=12
[tabu] iter=25 current=1429.14 best=1402.05 tabu=12
[tabu] iter=26 current=1429.14 best=1402.05 tabu=12
[tabu] iter=27 current=1407.47 best=1402.05 tabu=12
[tabu] iter=28 current=1407.47 best=1402.05 tabu=12
[tabu] iter=29 current=1396.80 best=1396.80 tabu=12
[tabu] iter=30 current=1395.97 best=1395.97 tabu=12
[tabu] iter=31 current=1395.14 best=1395.14 tabu=12
[tabu] iter=32 current=1395.14 best=1395.14 tabu=12
[tabu] iter=33 current=1394.72 best=1394.72 tabu=12
[tabu] iter=34 current=1384.05 best=1384.05 tabu=12
[tabu] iter=35 current=1367.55 best=1367.55 tabu=12
[tabu] iter=36 current=1367.55 best=1367.55 tabu=12
[tabu] iter=37 current=1363.89 best=1363.89 tabu=12
[tabu] iter=38 current=1363.89 best=1363.89 tabu=12
[tabu] iter=39 current=1352.89 best=1352.89 tabu=12
[tabu] iter=40 current=1352.89 best=1352.89 tabu=12
[tabu] iter=41 current=1350.39 best=1350.39 tabu=12
[tabu] iter=42 current=1349.97 best=1349.97 tabu=12
[tabu] iter=43 current=1349.14 best=1349.14 tabu=12
[tabu] iter=44 current=1348.72 best=1348.72 tabu=12
[tabu] iter=45 current=1348.72 best=1348.72 tabu=12
[tabu] iter=46 current=1348.72 best=1348.72 tabu=12
[tabu] iter=47 current=1349.79 best=1348.72 tabu=12
[tabu] iter=48 current=1349.79 best=1348.72 tabu=12
[tabu] iter=49 current=1349.37 best=1348.72 tabu=12
